<?xml version="1.0" encoding="UTF-8"?>
<testng-results skipped="0" failed="0" ignored="0" total="1" passed="1">
  <reporter-output>
  </reporter-output>
  <suite name="Default suite" duration-ms="85958" started-at="2018-04-02T19:04:01Z" finished-at="2018-04-02T19:05:27Z">
    <groups>
    </groups>
    <test name="Default test" duration-ms="85958" started-at="2018-04-02T19:04:01Z" finished-at="2018-04-02T19:05:27Z">
      <class name="LibraryTest">
        <test-method status="PASS" signature="setUp()[pri:0, instance:LibraryTest@2b98378d]" name="setUp" is-config="true" duration-ms="20532" started-at="2018-04-02T21:04:01Z" finished-at="2018-04-02T21:04:22Z">
          <reporter-output>
          </reporter-output>
        </test-method> <!-- setUp -->
        <test-method status="PASS" signature="setUp()[pri:0, instance:LibraryTest@2b98378d]" name="setUp" is-config="true" duration-ms="16448" started-at="2018-04-02T21:04:22Z" finished-at="2018-04-02T21:04:38Z">
          <reporter-output>
          </reporter-output>
        </test-method> <!-- setUp -->
        <test-method status="PASS" signature="test()[pri:0, instance:LibraryTest@2b98378d]" name="test" duration-ms="48941" started-at="2018-04-02T21:04:38Z" finished-at="2018-04-02T21:05:27Z">
          <reporter-output>
          </reporter-output>
        </test-method> <!-- test -->
      </class> <!-- LibraryTest -->
    </test> <!-- Default test -->
  </suite> <!-- Default suite -->
</testng-results>
